Traceback (most recent call last):
  File "/openhands/poetry/openhands-ai-5O4_aCHf-py3.12/bin/uvicorn", line 8, in <module>
    sys.exit(main())
             ^^^^^^
  File "/openhands/poetry/openhands-ai-5O4_aCHf-py3.12/lib/python3.12/site-packages/click/core.py", line 1157, in __call__
    return self.main(*args, **kwargs)
           ^^^^^^^^^^^^^^^^^^^^^^^^^^
  File "/openhands/poetry/openhands-ai-5O4_aCHf-py3.12/lib/python3.12/site-packages/click/core.py", line 1078, in main
    rv = self.invoke(ctx)
         ^^^^^^^^^^^^^^^^
  File "/openhands/poetry/openhands-ai-5O4_aCHf-py3.12/lib/python3.12/site-packages/click/core.py", line 1434, in invoke
    return ctx.invoke(self.callback, **ctx.params)
           ^^^^^^^^^^^^^^^^^^^^^^^^^^^^^^^^^^^^^^^
  File "/openhands/poetry/openhands-ai-5O4_aCHf-py3.12/lib/python3.12/site-packages/click/core.py", line 783, in invoke
    return __callback(*args, **kwargs)
           ^^^^^^^^^^^^^^^^^^^^^^^^^^^
  File "/openhands/poetry/openhands-ai-5O4_aCHf-py3.12/lib/python3.12/site-packages/uvicorn/main.py", line 412, in main
    run(
  File "/openhands/poetry/openhands-ai-5O4_aCHf-py3.12/lib/python3.12/site-packages/uvicorn/main.py", line 579, in run
    server.run()
  File "/openhands/poetry/openhands-ai-5O4_aCHf-py3.12/lib/python3.12/site-packages/uvicorn/server.py", line 65, in run
    return asyncio.run(self.serve(sockets=sockets))
           ^^^^^^^^^^^^^^^^^^^^^^^^^^^^^^^^^^^^^^^^
  File "/openhands/micromamba/envs/openhands/lib/python3.12/asyncio/runners.py", line 194, in run
    return runner.run(main)
           ^^^^^^^^^^^^^^^^
  File "/openhands/micromamba/envs/openhands/lib/python3.12/asyncio/runners.py", line 118, in run
    return self._loop.run_until_complete(task)
           ^^^^^^^^^^^^^^^^^^^^^^^^^^^^^^^^^^^
  File "/openhands/micromamba/envs/openhands/lib/python3.12/asyncio/base_events.py", line 687, in run_until_complete
    return future.result()
           ^^^^^^^^^^^^^^^
  File "/openhands/poetry/openhands-ai-5O4_aCHf-py3.12/lib/python3.12/site-packages/uvicorn/server.py", line 69, in serve
    await self._serve(sockets)
  File "/openhands/poetry/openhands-ai-5O4_aCHf-py3.12/lib/python3.12/site-packages/uvicorn/server.py", line 76, in _serve
    config.load()
  File "/openhands/poetry/openhands-ai-5O4_aCHf-py3.12/lib/python3.12/site-packages/uvicorn/config.py", line 434, in load
    self.loaded_app = import_from_string(self.app)
                      ^^^^^^^^^^^^^^^^^^^^^^^^^^^^
  File "/openhands/poetry/openhands-ai-5O4_aCHf-py3.12/lib/python3.12/site-packages/uvicorn/importer.py", line 22, in import_from_string
    raise exc from None
  File "/openhands/poetry/openhands-ai-5O4_aCHf-py3.12/lib/python3.12/site-packages/uvicorn/importer.py", line 19, in import_from_string
    module = importlib.import_module(module_str)
             ^^^^^^^^^^^^^^^^^^^^^^^^^^^^^^^^^^^
  File "/openhands/micromamba/envs/openhands/lib/python3.12/importlib/__init__.py", line 90, in import_module
    return _bootstrap._gcd_import(name[level:], package, level)
           ^^^^^^^^^^^^^^^^^^^^^^^^^^^^^^^^^^^^^^^^^^^^^^^^^^^^
  File "<frozen importlib._bootstrap>", line 1387, in _gcd_import
  File "<frozen importlib._bootstrap>", line 1360, in _find_and_load
  File "<frozen importlib._bootstrap>", line 1331, in _find_and_load_unlocked
  File "<frozen importlib._bootstrap>", line 935, in _load_unlocked
  File "<frozen importlib._bootstrap_external>", line 995, in exec_module
  File "<frozen importlib._bootstrap>", line 488, in _call_with_frames_removed
  File "/workspace/back-end/server.py", line 10, in <module>
    from new_utils import renew_model, renew_make_gradcam, visual_histogram
ModuleNotFoundError: No module named 'new_utils'
